<?xml version="1.0" encoding="UTF-8"?>
<!-- Generated by org.testng.reporters.JUnitReportReporter -->
<testsuite skipped="0" hostname="patapl-3D7TK32" name="tests.LoginTest" tests="1" failures="0" timestamp="14 Aug 2018 15:53:25 GMT" time="13.353" errors="0">
  <testcase name="createAccount" time="13.353" classname="tests.LoginTest"/>
</testsuite> <!-- tests.LoginTest -->
