<?xml version="1.0" encoding="UTF-8"?>
<!-- Generated by org.testng.reporters.JUnitReportReporter -->
<testsuite skipped="0" hostname="patapl-3D7TK32" name="csNG_Automation.Selenium.Tests.LoginTest" tests="1" failures="0" timestamp="13 Aug 2018 20:13:58 GMT" time="20.777" errors="0">
  <testcase name="createAccount" time="20.777" classname="csNG_Automation.Selenium.Tests.LoginTest"/>
</testsuite> <!-- csNG_Automation.Selenium.Tests.LoginTest -->
